#
# A fatal error has been detected by the Java Runtime Environment:
#
#  Internal Error (javaClasses.cpp:136), pid=1504, tid=5756
#  fatal error: Invalid layout of preloaded class
#
# JRE version:  (7.0_51-b13) (build )
# Java VM: Java HotSpot(TM) Client VM (24.51-b03 mixed mode windows-x86 )
# Failed to write core dump. Minidumps are not enabled by default on client versions of Windows
#
# If you would like to submit a bug report, please visit:
#   http://bugreport.sun.com/bugreport/crash.jsp
#

---------------  T H R E A D  ---------------

Current thread (0x0287bc00):  JavaThread "Unknown thread" [_thread_in_vm, id=5756, stack(0x026a0000,0x026f0000)]

Stack: [0x026a0000,0x026f0000],  sp=0x026ef800,  free space=318k
Native frames: (J=compiled Java code, j=interpreted, Vv=VM code, C=native code)
V  [jvm.dll+0x18e0f1]
V  [jvm.dll+0x187e66]
V  [jvm.dll+0x3586a]
V  [jvm.dll+0x358f6]
V  [jvm.dll+0x4400d]
V  [jvm.dll+0x442be]
V  [jvm.dll+0x9263a]
V  [jvm.dll+0x929eb]
V  [jvm.dll+0x13dc51]
V  [jvm.dll+0x16076c]
V  [jvm.dll+0xc8ebf]
C  [javaw.exe+0x13ce]
C  [javaw.exe+0x1e40]
C  [javaw.exe+0xa5b1]
C  [javaw.exe+0xa63b]
C  [KERNEL32.DLL+0x1495d]
C  [ntdll.dll+0x498ee]
C  [ntdll.dll+0x498c4]


---------------  P R O C E S S  ---------------

Java Threads: ( => current thread )

Other Threads:

=>0x0287bc00 (exited) JavaThread "Unknown thread" [_thread_in_vm, id=5756, stack(0x026a0000,0x026f0000)]

VM state:not at safepoint (not fully initialized)

VM Mutex/Monitor currently owned by a thread: None

GC Heap History (0 events):
No events

Deoptimization events (0 events):
No events

Internal exceptions (0 events):
No events

Events (10 events):
Event: 0.011 loading class 0x0276a780
Event: 0.012 loading class 0x0276a780 done
Event: 0.012 loading class 0x0276a7c0
Event: 0.012 loading class 0x0276ad30
Event: 0.012 loading class 0x0276ad30 done
Event: 0.013 loading class 0x027708f8
Event: 0.013 loading class 0x027708f8 done
Event: 0.013 loading class 0x0276a7c0 done
Event: 0.013 loading class 0x0276a7a0
Event: 0.013 loading class 0x0276a7a0 done


Dynamic libraries:
0x00010000 - 0x0003f000 	C:\Program Files (x86)\Java\jre7\bin\javaw.exe
0x77600000 - 0x77768000 	C:\WINDOWS\SYSTEM32\ntdll.dll
0x75110000 - 0x75250000 	C:\WINDOWS\SYSTEM32\KERNEL32.DLL
0x761c0000 - 0x7628f000 	C:\WINDOWS\SYSTEM32\KERNELBASE.dll
0x703a0000 - 0x7043a000 	C:\WINDOWS\system32\apphelp.dll
0x70500000 - 0x70752000 	C:\WINDOWS\AppPatch\AcGenral.DLL
0x75c50000 - 0x75d0e000 	C:\WINDOWS\SYSTEM32\msvcrt.dll
0x77490000 - 0x774ce000 	C:\WINDOWS\SYSTEM32\sechost.dll
0x75030000 - 0x7504d000 	C:\WINDOWS\SYSTEM32\SspiCli.dll
0x77440000 - 0x77481000 	C:\WINDOWS\SYSTEM32\SHLWAPI.dll
0x72cc0000 - 0x72d9c000 	C:\WINDOWS\SYSTEM32\UxTheme.dll
0x75b00000 - 0x75c4f000 	C:\WINDOWS\SYSTEM32\USER32.dll
0x75960000 - 0x75a68000 	C:\WINDOWS\SYSTEM32\GDI32.dll
0x744b0000 - 0x744d0000 	C:\WINDOWS\SYSTEM32\WINMM.dll
0x71480000 - 0x71492000 	C:\WINDOWS\SYSTEM32\samcli.dll
0x760b0000 - 0x761bb000 	C:\WINDOWS\SYSTEM32\ole32.dll
0x752e0000 - 0x75367000 	C:\WINDOWS\SYSTEM32\OLEAUT32.dll
0x70fb0000 - 0x70fc5000 	C:\WINDOWS\SYSTEM32\MSACM32.dll
0x746d0000 - 0x746d8000 	C:\WINDOWS\SYSTEM32\VERSION.dll
0x76290000 - 0x77433000 	C:\WINDOWS\SYSTEM32\SHELL32.dll
0x72bd0000 - 0x72be9000 	C:\WINDOWS\SYSTEM32\USERENV.dll
0x72da0000 - 0x72db9000 	C:\WINDOWS\SYSTEM32\dwmapi.dll
0x73e20000 - 0x73f44000 	C:\WINDOWS\SYSTEM32\urlmon.dll
0x75050000 - 0x750c7000 	C:\WINDOWS\SYSTEM32\ADVAPI32.dll
0x72c10000 - 0x72c6e000 	C:\WINDOWS\SYSTEM32\WINSPOOL.DRV
0x72bf0000 - 0x72c04000 	C:\WINDOWS\SYSTEM32\MPR.dll
0x75370000 - 0x75421000 	C:\WINDOWS\SYSTEM32\RPCRT4.dll
0x75020000 - 0x75029000 	C:\WINDOWS\SYSTEM32\CRYPTBASE.dll
0x75d60000 - 0x75eae000 	C:\WINDOWS\SYSTEM32\combase.dll
0x72e10000 - 0x72e30000 	C:\WINDOWS\SYSTEM32\WINMMBASE.dll
0x74490000 - 0x7449e000 	C:\WINDOWS\SYSTEM32\profapi.dll
0x740a0000 - 0x742b7000 	C:\WINDOWS\SYSTEM32\iertutil.dll
0x742c0000 - 0x74484000 	C:\WINDOWS\SYSTEM32\WININET.dll
0x74fc0000 - 0x75011000 	C:\WINDOWS\SYSTEM32\bcryptPrimitives.dll
0x750d0000 - 0x7510a000 	C:\WINDOWS\SYSTEM32\cfgmgr32.dll
0x72dd0000 - 0x72def000 	C:\WINDOWS\SYSTEM32\DEVOBJ.dll
0x73da0000 - 0x73e17000 	C:\WINDOWS\SYSTEM32\SHCORE.DLL
0x75580000 - 0x755a5000 	C:\WINDOWS\system32\IMM32.DLL
0x75430000 - 0x75527000 	C:\WINDOWS\SYSTEM32\MSCTF.dll
0x72990000 - 0x72b75000 	C:\WINDOWS\WinSxS\x86_microsoft.windows.common-controls_6595b64144ccf1df_6.0.9600.16384_none_a9f4965301334e09\COMCTL32.dll
0x70c00000 - 0x70cbf000 	C:\Program Files (x86)\Java\jre7\bin\msvcr100.dll
0x71a80000 - 0x71e00000 	C:\Program Files (x86)\Java\jre7\bin\client\jvm.dll
0x6db30000 - 0x6db38000 	C:\WINDOWS\SYSTEM32\WSOCK32.dll
0x75d50000 - 0x75d56000 	C:\WINDOWS\SYSTEM32\PSAPI.DLL
0x76030000 - 0x7607d000 	C:\WINDOWS\SYSTEM32\WS2_32.dll
0x757f0000 - 0x757f7000 	C:\WINDOWS\SYSTEM32\NSI.dll
0x72e00000 - 0x72e0c000 	C:\Program Files (x86)\Java\jre7\bin\verify.dll
0x72c70000 - 0x72c90000 	C:\Program Files (x86)\Java\jre7\bin\java.dll
0x727e0000 - 0x727f3000 	C:\Program Files (x86)\Java\jre7\bin\zip.dll
0x70250000 - 0x70398000 	C:\WINDOWS\SYSTEM32\dbghelp.dll

VM Arguments:
jvm_args: -Dfile.encoding=Cp1252 -Xbootclasspath:C:\Program Files (x86)\leJOS NXJ\lib\nxt\classes.jar 
java_command: searchingForFun.Searches.BreadthFirstSearch
Launcher Type: SUN_STANDARD

Environment Variables:
PATH=C:/Program Files (x86)/Java/jre7/bin/client;C:/Program Files (x86)/Java/jre7/bin;C:/Program Files (x86)/Java/jre7/lib/i386;C:\Program Files (x86)\Intel\iCLS Client\;C:\Program Files\Intel\iCLS Client\;C:\WINDOWS\system32;C:\WINDOWS;C:\WINDOWS\System32\Wbem;C:\WINDOWS\System32\WindowsPowerShell\v1.0\;C:\Program Files (x86)\Intel\OpenCL SDK\2.0\bin\x86;C:\Program Files (x86)\Intel\OpenCL SDK\2.0\bin\x64;C:\Program Files\Intel\Intel(R) Management Engine Components\DAL;C:\Program Files\Intel\Intel(R) Management Engine Components\IPT;C:\Program Files (x86)\Intel\Intel(R) Management Engine Components\DAL;C:\Program Files (x86)\Intel\Intel(R) Management Engine Components\IPT;C:\PROGRAM FILES\OPENOFFICE.ORG 3\URE\BIN; C:\PROGRAM FILES (X86)\OPENOFFICE.ORG 3\URE\BIN;C:\Program Files (x86)\IVI Foundation\VISA\WinNT\Bin;C:\Program Files (x86)\leJOS NXJ\bin;C:\Program Files (x86)\SSH Communications Security\SSH Secure Shell;C:\eclipse-standard-kepler-SR1-win32\eclipse;
USERNAME=Invate
OS=Windows_NT
PROCESSOR_IDENTIFIER=Intel64 Family 6 Model 58 Stepping 9, GenuineIntel



---------------  S Y S T E M  ---------------

OS: Windows 8 , 64 bit Build 9200 

CPU:total 4 (2 cores per cpu, 2 threads per core) family 6 model 58 stepping 9, cmov, cx8, fxsr, mmx, sse, sse2, sse3, ssse3, sse4.1, sse4.2, popcnt, avx, erms, ht, tsc, tscinvbit, tscinv

Memory: 4k page, physical 4081720k(2740916k free), swap 5212216k(3312168k free)

vm_info: Java HotSpot(TM) Client VM (24.51-b03) for windows-x86 JRE (1.7.0_51-b13), built on Dec 18 2013 19:09:58 by "java_re" with unknown MS VC++:1600

time: Mon Feb 24 11:38:21 2014
elapsed time: 0 seconds

